<?xml version="1.0" encoding="UTF-8"?>
<testsuite xmlns:xsi="http://www.w3.org/2001/XMLSchema-instance" xsi:noNamespaceSchemaLocation="https://maven.apache.org/surefire/maven-surefire-plugin/xsd/surefire-test-report-3.0.xsd" version="3.0" name="com.mph.duplicate.VideoPerceptualHasherTest" time="0.186" tests="10" errors="0" skipped="0" failures="0">
  <properties>
[...]
</properties>
  <testcase name="isSimilar_differentLengthFingerprints_returnsFalse" classname="com.mph.duplicate.VideoPerceptualHasherTest" time="0.005"/>
  <testcase name="isSimilar_identicalFingerprints_returnsTrue" classname="com.mph.duplicate.VideoPerceptualHasherTest" time="0.107"/>
  <testcase name="isSimilar_nullFingerprint_returnsFalse" classname="com.mph.duplicate.VideoPerceptualHasherTest" time="0.01"/>
  <testcase name="hammingDistance_identicalFingerprints_isZero" classname="com.mph.duplicate.VideoPerceptualHasherTest" time="0.007"/>
  <testcase name="isSimilar_strictThreshold_rejectsSlightlyDifferent" classname="com.mph.duplicate.VideoPerceptualHasherTest" time="0.012"/>
  <testcase name="completelyDifferentImages_produceDifferentHashes" classname="com.mph.duplicate.VideoPerceptualHasherTest" time="0.01"/>
  <testcase name="slightlyDifferentImages_haveLowHammingDistance" classname="com.mph.duplicate.VideoPerceptualHasherTest" time="0.01"/>
  <testcase name="sameImage_producesIdenticalHash" classname="com.mph.duplicate.VideoPerceptualHasherTest" time="0.007"/>
  <testcase name="hammingDistance_nullInput_returnsMaxValue" classname="com.mph.duplicate.VideoPerceptualHasherTest" time="0.0"/>
  <testcase name="identicalImages_hammingDistanceIsZero" classname="com.mph.duplicate.VideoPerceptualHasherTest" time="0.007"/>
</testsuite>