<?xml version="1.0" encoding="UTF-8"?>
<testsuite xmlns:xsi="http://www.w3.org/2001/XMLSchema-instance" xsi:noNamespaceSchemaLocation="https://maven.apache.org/surefire/maven-surefire-plugin/xsd/surefire-test-report-3.0.xsd" version="3.0" name="com.mph.duplicate.DuplicateImageFinderTest" time="3.536" tests="17" errors="0" skipped="0" failures="0">
  <properties>
[...]
</properties>
  <testcase name="filenameCollisionInOutputDir_resolvedBySuffix" classname="com.mph.duplicate.DuplicateImageFinderTest" time="0.81">
    <system-out><![CDATA[16:35:29 &amp#27;[34mINFO &amp#27;[0;39m &amp#27;[36m[main]&amp#27;[0;39m â•”â•�â•�â•�â•�â•�â•�â•�â•�â•�â•�â•�â•�â•�â•�â•�â•�â•�â•�â•�â•�â•�â•�â•�â•�â•�â•�â•�â•�â•�â•�â•�â•�â•�â•�â•�â•�â•�â•�â•�â•�â•�â•�â•�â•�â•�â•�â•�â•�â•�â•�â•�â•�â•�â•�â•—
16:35:29 &amp#27;[34mINFO &amp#27;[0;39m &amp#27;[36m[main]&amp#27;[0;39m â•‘        Duplicate Image Finder  â€“  2 TB Edition       â•‘
16:35:29 &amp#27;[34mINFO &amp#27;[0;39m &amp#27;[36m[main]&amp#27;[0;39m â• â•�â•�â•�â•�â•�â•�â•�â•�â•�â•�â•�â•�â•�â•�â•�â•�â•�â•�â•�â•�â•�â•�â•�â•�â•�â•�â•�â•�â•�â•�â•�â•�â•�â•�â•�â•�â•�â•�â•�â•�â•�â•�â•�â•�â•�â•�â•�â•�â•�â•�â•�â•�â•�â•�â•£
16:35:29 &amp#27;[34mINFO &amp#27;[0;39m &amp#27;[36m[main]&amp#27;[0;39m â•‘  Input dirs   : 3 directories                       â•‘
16:35:29 &amp#27;[34mINFO &amp#27;[0;39m &amp#27;[36m[main]&amp#27;[0;39m â•‘  Move dups    : YES â†’ â€¦709715706519958850\duplicatesâ•‘
16:35:29 &amp#27;[34mINFO &amp#27;[0;39m &amp#27;[36m[main]&amp#27;[0;39m â•‘  Rename dups  : NO                                  â•‘
16:35:29 &amp#27;[34mINFO &amp#27;[0;39m &amp#27;[36m[main]&amp#27;[0;39m â•‘  Delete dups  : NO                                  â•‘
16:35:29 &amp#27;[34mINFO &amp#27;[0;39m &amp#27;[36m[main]&amp#27;[0;39m â•‘  Excel report : NO                                  â•‘
16:35:29 &amp#27;[34mINFO &amp#27;[0;39m &amp#27;[36m[main]&amp#27;[0;39m â•‘  Threads      : 2                                   â•‘
16:35:29 &amp#27;[34mINFO &amp#27;[0;39m &amp#27;[36m[main]&amp#27;[0;39m â•‘  Buffer       : 64 KB                               â•‘
16:35:29 &amp#27;[34mINFO &amp#27;[0;39m &amp#27;[36m[main]&amp#27;[0;39m â•‘  Partial hash : 8 KB window                         â•‘
16:35:29 &amp#27;[34mINFO &amp#27;[0;39m &amp#27;[36m[main]&amp#27;[0;39m â•šâ•�â•�â•�â•�â•�â•�â•�â•�â•�â•�â•�â•�â•�â•�â•�â•�â•�â•�â•�â•�â•�â•�â•�â•�â•�â•�â•�â•�â•�â•�â•�â•�â•�â•�â•�â•�â•�â•�â•�â•�â•�â•�â•�â•�â•�â•�â•�â•�â•�â•�â•�â•�â•�â•�â•�
16:35:29 &amp#27;[34mINFO &amp#27;[0;39m &amp#27;[36m[main]&amp#27;[0;39m Phase 1 â€“ Collecting image file paths from 3 directories...
16:35:29 &amp#27;[34mINFO &amp#27;[0;39m &amp#27;[36m[main]&amp#27;[0;39m Phase 1 â€“ Done in 0s â€“ 3 image files found.
16:35:29 &amp#27;[34mINFO &amp#27;[0;39m &amp#27;[36m[main]&amp#27;[0;39m Phase 2 â€“ Computing partial hashes (pre-filter) for 3 files...
16:35:29 &amp#27;[34mINFO &amp#27;[0;39m &amp#27;[36m[main]&amp#27;[0;39m Phase 2 â€“ Done in 0s â€“ 3 candidate files passed the pre-filter.
16:35:29 &amp#27;[34mINFO &amp#27;[0;39m &amp#27;[36m[main]&amp#27;[0;39m Phase 3 â€“ Computing full SHA-256 hashes for 3 candidates...
16:35:29 &amp#27;[34mINFO &amp#27;[0;39m &amp#27;[36m[main]&amp#27;[0;39m Phase 3 â€“ Done in 0s â€“ 1 exact duplicate groups, 2 duplicate files.
16:35:29 &amp#27;[34mINFO &amp#27;[0;39m &amp#27;[36m[main]&amp#27;[0;39m Phase 4 â€“ Moving 2 duplicate files to: C:\Users\anilb\AppData\Local\Temp\junit15709715706519958850\duplicates
16:35:29 &amp#27;[34mINFO &amp#27;[0;39m &amp#27;[36m[main]&amp#27;[0;39m Phase 4 â€“ Move done in 0s â€“ moved 2 files, 0 errors.
]]></system-out>
  </testcase>
  <testcase name="emptyDirectory_producesEmptyReport" classname="com.mph.duplicate.DuplicateImageFinderTest" time="0.049">
    <system-out><![CDATA[16:35:29 &amp#27;[34mINFO &amp#27;[0;39m &amp#27;[36m[main]&amp#27;[0;39m â•”â•�â•�â•�â•�â•�â•�â•�â•�â•�â•�â•�â•�â•�â•�â•�â•�â•�â•�â•�â•�â•�â•�â•�â•�â•�â•�â•�â•�â•�â•�â•�â•�â•�â•�â•�â•�â•�â•�â•�â•�â•�â•�â•�â•�â•�â•�â•�â•�â•�â•�â•�â•�â•�â•�â•—
16:35:29 &amp#27;[34mINFO &amp#27;[0;39m &amp#27;[36m[main]&amp#27;[0;39m â•‘        Duplicate Image Finder  â€“  2 TB Edition       â•‘
16:35:29 &amp#27;[34mINFO &amp#27;[0;39m &amp#27;[36m[main]&amp#27;[0;39m â• â•�â•�â•�â•�â•�â•�â•�â•�â•�â•�â•�â•�â•�â•�â•�â•�â•�â•�â•�â•�â•�â•�â•�â•�â•�â•�â•�â•�â•�â•�â•�â•�â•�â•�â•�â•�â•�â•�â•�â•�â•�â•�â•�â•�â•�â•�â•�â•�â•�â•�â•�â•�â•�â•�â•£
16:35:29 &amp#27;[34mINFO &amp#27;[0;39m &amp#27;[36m[main]&amp#27;[0;39m â•‘  Input dirs   : 1 directory                         â•‘
16:35:29 &amp#27;[34mINFO &amp#27;[0;39m &amp#27;[36m[main]&amp#27;[0;39m â•‘  Move dups    : YES â†’ â€¦457899984989561922\duplicatesâ•‘
16:35:29 &amp#27;[34mINFO &amp#27;[0;39m &amp#27;[36m[main]&amp#27;[0;39m â•‘  Rename dups  : NO                                  â•‘
16:35:29 &amp#27;[34mINFO &amp#27;[0;39m &amp#27;[36m[main]&amp#27;[0;39m â•‘  Delete dups  : NO                                  â•‘
16:35:29 &amp#27;[34mINFO &amp#27;[0;39m &amp#27;[36m[main]&amp#27;[0;39m â•‘  Excel report : NO                                  â•‘
16:35:29 &amp#27;[34mINFO &amp#27;[0;39m &amp#27;[36m[main]&amp#27;[0;39m â•‘  Threads      : 2                                   â•‘
16:35:29 &amp#27;[34mINFO &amp#27;[0;39m &amp#27;[36m[main]&amp#27;[0;39m â•‘  Buffer       : 64 KB                               â•‘
16:35:29 &amp#27;[34mINFO &amp#27;[0;39m &amp#27;[36m[main]&amp#27;[0;39m â•‘  Partial hash : 8 KB window                         â•‘
16:35:29 &amp#27;[34mINFO &amp#27;[0;39m &amp#27;[36m[main]&amp#27;[0;39m â•šâ•�â•�â•�â•�â•�â•�â•�â•�â•�â•�â•�â•�â•�â•�â•�â•�â•�â•�â•�â•�â•�â•�â•�â•�â•�â•�â•�â•�â•�â•�â•�â•�â•�â•�â•�â•�â•�â•�â•�â•�â•�â•�â•�â•�â•�â•�â•�â•�â•�â•�â•�â•�â•�â•�â•�
16:35:29 &amp#27;[34mINFO &amp#27;[0;39m &amp#27;[36m[main]&amp#27;[0;39m Phase 1 â€“ Collecting image file paths from 1 directory...
16:35:29 &amp#27;[34mINFO &amp#27;[0;39m &amp#27;[36m[main]&amp#27;[0;39m Phase 1 â€“ Done in 0s â€“ 0 image files found.
16:35:29 &amp#27;[34mINFO &amp#27;[0;39m &amp#27;[36m[main]&amp#27;[0;39m No image files found. Nothing to do.
]]></system-out>
  </testcase>
  <testcase name="twoIdenticalFiles_oneGetsMoved" classname="com.mph.duplicate.DuplicateImageFinderTest" time="0.168">
    <system-out><![CDATA[16:35:29 &amp#27;[34mINFO &amp#27;[0;39m &amp#27;[36m[main]&amp#27;[0;39m â•”â•�â•�â•�â•�â•�â•�â•�â•�â•�â•�â•�â•�â•�â•�â•�â•�â•�â•�â•�â•�â•�â•�â•�â•�â•�â•�â•�â•�â•�â•�â•�â•�â•�â•�â•�â•�â•�â•�â•�â•�â•�â•�â•�â•�â•�â•�â•�â•�â•�â•�â•�â•�â•�â•�â•—
16:35:29 &amp#27;[34mINFO &amp#27;[0;39m &amp#27;[36m[main]&amp#27;[0;39m â•‘        Duplicate Image Finder  â€“  2 TB Edition       â•‘
16:35:29 &amp#27;[34mINFO &amp#27;[0;39m &amp#27;[36m[main]&amp#27;[0;39m â• â•�â•�â•�â•�â•�â•�â•�â•�â•�â•�â•�â•�â•�â•�â•�â•�â•�â•�â•�â•�â•�â•�â•�â•�â•�â•�â•�â•�â•�â•�â•�â•�â•�â•�â•�â•�â•�â•�â•�â•�â•�â•�â•�â•�â•�â•�â•�â•�â•�â•�â•�â•�â•�â•�â•£
16:35:29 &amp#27;[34mINFO &amp#27;[0;39m &amp#27;[36m[main]&amp#27;[0;39m â•‘  Input dirs   : 1 directory                         â•‘
16:35:29 &amp#27;[34mINFO &amp#27;[0;39m &amp#27;[36m[main]&amp#27;[0;39m â•‘  Move dups    : YES â†’ â€¦561564039208620062\duplicatesâ•‘
16:35:29 &amp#27;[34mINFO &amp#27;[0;39m &amp#27;[36m[main]&amp#27;[0;39m â•‘  Rename dups  : NO                                  â•‘
16:35:29 &amp#27;[34mINFO &amp#27;[0;39m &amp#27;[36m[main]&amp#27;[0;39m â•‘  Delete dups  : NO                                  â•‘
16:35:29 &amp#27;[34mINFO &amp#27;[0;39m &amp#27;[36m[main]&amp#27;[0;39m â•‘  Excel report : NO                                  â•‘
16:35:29 &amp#27;[34mINFO &amp#27;[0;39m &amp#27;[36m[main]&amp#27;[0;39m â•‘  Threads      : 2                                   â•‘
16:35:29 &amp#27;[34mINFO &amp#27;[0;39m &amp#27;[36m[main]&amp#27;[0;39m â•‘  Buffer       : 64 KB                               â•‘
16:35:29 &amp#27;[34mINFO &amp#27;[0;39m &amp#27;[36m[main]&amp#27;[0;39m â•‘  Partial hash : 8 KB window                         â•‘
16:35:29 &amp#27;[34mINFO &amp#27;[0;39m &amp#27;[36m[main]&amp#27;[0;39m â•šâ•�â•�â•�â•�â•�â•�â•�â•�â•�â•�â•�â•�â•�â•�â•�â•�â•�â•�â•�â•�â•�â•�â•�â•�â•�â•�â•�â•�â•�â•�â•�â•�â•�â•�â•�â•�â•�â•�â•�â•�â•�â•�â•�â•�â•�â•�â•�â•�â•�â•�â•�â•�â•�â•�â•�
16:35:29 &amp#27;[34mINFO &amp#27;[0;39m &amp#27;[36m[main]&amp#27;[0;39m Phase 1 â€“ Collecting image file paths from 1 directory...
16:35:29 &amp#27;[34mINFO &amp#27;[0;39m &amp#27;[36m[main]&amp#27;[0;39m Phase 1 â€“ Done in 0s â€“ 2 image files found.
16:35:29 &amp#27;[34mINFO &amp#27;[0;39m &amp#27;[36m[main]&amp#27;[0;39m Phase 2 â€“ Computing partial hashes (pre-filter) for 2 files...
16:35:29 &amp#27;[34mINFO &amp#27;[0;39m &amp#27;[36m[main]&amp#27;[0;39m Phase 2 â€“ Done in 0s â€“ 2 candidate files passed the pre-filter.
16:35:29 &amp#27;[34mINFO &amp#27;[0;39m &amp#27;[36m[main]&amp#27;[0;39m Phase 3 â€“ Computing full SHA-256 hashes for 2 candidates...
16:35:29 &amp#27;[34mINFO &amp#27;[0;39m &amp#27;[36m[main]&amp#27;[0;39m Phase 3 â€“ Done in 0s â€“ 1 exact duplicate groups, 1 duplicate files.
16:35:29 &amp#27;[34mINFO &amp#27;[0;39m &amp#27;[36m[main]&amp#27;[0;39m Phase 4 â€“ Moving 1 duplicate files to: C:\Users\anilb\AppData\Local\Temp\junit6561564039208620062\duplicates
16:35:29 &amp#27;[34mINFO &amp#27;[0;39m &amp#27;[36m[main]&amp#27;[0;39m Phase 4 â€“ Move done in 0s â€“ moved 1 files, 0 errors.
]]></system-out>
  </testcase>
  <testcase name="report_excelFileCreatedWithCorrectRows" classname="com.mph.duplicate.DuplicateImageFinderTest" time="1.138">
    <system-out><![CDATA[16:35:29 &amp#27;[34mINFO &amp#27;[0;39m &amp#27;[36m[main]&amp#27;[0;39m â•”â•�â•�â•�â•�â•�â•�â•�â•�â•�â•�â•�â•�â•�â•�â•�â•�â•�â•�â•�â•�â•�â•�â•�â•�â•�â•�â•�â•�â•�â•�â•�â•�â•�â•�â•�â•�â•�â•�â•�â•�â•�â•�â•�â•�â•�â•�â•�â•�â•�â•�â•�â•�â•�â•�â•—
16:35:29 &amp#27;[34mINFO &amp#27;[0;39m &amp#27;[36m[main]&amp#27;[0;39m â•‘        Duplicate Image Finder  â€“  2 TB Edition       â•‘
16:35:29 &amp#27;[34mINFO &amp#27;[0;39m &amp#27;[36m[main]&amp#27;[0;39m â• â•�â•�â•�â•�â•�â•�â•�â•�â•�â•�â•�â•�â•�â•�â•�â•�â•�â•�â•�â•�â•�â•�â•�â•�â•�â•�â•�â•�â•�â•�â•�â•�â•�â•�â•�â•�â•�â•�â•�â•�â•�â•�â•�â•�â•�â•�â•�â•�â•�â•�â•�â•�â•�â•�â•£
16:35:29 &amp#27;[34mINFO &amp#27;[0;39m &amp#27;[36m[main]&amp#27;[0;39m â•‘  Input dirs   : 1 directory                         â•‘
16:35:29 &amp#27;[34mINFO &amp#27;[0;39m &amp#27;[36m[main]&amp#27;[0;39m â•‘  Move dups    : NO                                  â•‘
16:35:29 &amp#27;[34mINFO &amp#27;[0;39m &amp#27;[36m[main]&amp#27;[0;39m â•‘  Rename dups  : NO                                  â•‘
16:35:29 &amp#27;[34mINFO &amp#27;[0;39m &amp#27;[36m[main]&amp#27;[0;39m â•‘  Delete dups  : NO                                  â•‘
16:35:29 &amp#27;[34mINFO &amp#27;[0;39m &amp#27;[36m[main]&amp#27;[0;39m â•‘  Excel report : â€¦junit162786358090198324\report.xlsxâ•‘
16:35:29 &amp#27;[34mINFO &amp#27;[0;39m &amp#27;[36m[main]&amp#27;[0;39m â•‘  Threads      : 2                                   â•‘
16:35:29 &amp#27;[34mINFO &amp#27;[0;39m &amp#27;[36m[main]&amp#27;[0;39m â•‘  Buffer       : 64 KB                               â•‘
16:35:29 &amp#27;[34mINFO &amp#27;[0;39m &amp#27;[36m[main]&amp#27;[0;39m â•‘  Partial hash : 8 KB window                         â•‘
16:35:29 &amp#27;[34mINFO &amp#27;[0;39m &amp#27;[36m[main]&amp#27;[0;39m â•šâ•�â•�â•�â•�â•�â•�â•�â•�â•�â•�â•�â•�â•�â•�â•�â•�â•�â•�â•�â•�â•�â•�â•�â•�â•�â•�â•�â•�â•�â•�â•�â•�â•�â•�â•�â•�â•�â•�â•�â•�â•�â•�â•�â•�â•�â•�â•�â•�â•�â•�â•�â•�â•�â•�â•�
16:35:29 &amp#27;[34mINFO &amp#27;[0;39m &amp#27;[36m[main]&amp#27;[0;39m Phase 1 â€“ Collecting image file paths from 1 directory...
16:35:29 &amp#27;[34mINFO &amp#27;[0;39m &amp#27;[36m[main]&amp#27;[0;39m Phase 1 â€“ Done in 0s â€“ 2 image files found.
16:35:29 &amp#27;[34mINFO &amp#27;[0;39m &amp#27;[36m[main]&amp#27;[0;39m Phase 2 â€“ Computing partial hashes (pre-filter) for 2 files...
16:35:29 &amp#27;[34mINFO &amp#27;[0;39m &amp#27;[36m[main]&amp#27;[0;39m Phase 2 â€“ Done in 0s â€“ 2 candidate files passed the pre-filter.
16:35:29 &amp#27;[34mINFO &amp#27;[0;39m &amp#27;[36m[main]&amp#27;[0;39m Phase 3 â€“ Computing full SHA-256 hashes for 2 candidates...
16:35:29 &amp#27;[34mINFO &amp#27;[0;39m &amp#27;[36m[main]&amp#27;[0;39m Phase 3 â€“ Done in 0s â€“ 1 exact duplicate groups, 1 duplicate files.
16:35:29 &amp#27;[34mINFO &amp#27;[0;39m &amp#27;[36m[main]&amp#27;[0;39m Phase 4 â€“ Generating Excel report â†’ C:\Users\anilb\AppData\Local\Temp\junit162786358090198324\report.xlsx
16:35:30 &amp#27;[34mINFO &amp#27;[0;39m &amp#27;[36m[main]&amp#27;[0;39m Excel report written â†’ C:\Users\anilb\AppData\Local\Temp\junit162786358090198324\report.xlsx  (1 groups)
16:35:30 &amp#27;[34mINFO &amp#27;[0;39m &amp#27;[36m[main]&amp#27;[0;39m Phase 4 â€“ Report done in 0s.
]]></system-out>
  </testcase>
  <testcase name="rename_insertSuffix_correctBehaviour" classname="com.mph.duplicate.DuplicateImageFinderTest" time="0.007"/>
  <testcase name="nearlyIdenticalFiles_areNotDuplicates" classname="com.mph.duplicate.DuplicateImageFinderTest" time="0.071">
    <system-out><![CDATA[16:35:31 &amp#27;[34mINFO &amp#27;[0;39m &amp#27;[36m[main]&amp#27;[0;39m â•”â•�â•�â•�â•�â•�â•�â•�â•�â•�â•�â•�â•�â•�â•�â•�â•�â•�â•�â•�â•�â•�â•�â•�â•�â•�â•�â•�â•�â•�â•�â•�â•�â•�â•�â•�â•�â•�â•�â•�â•�â•�â•�â•�â•�â•�â•�â•�â•�â•�â•�â•�â•�â•�â•�â•—
16:35:31 &amp#27;[34mINFO &amp#27;[0;39m &amp#27;[36m[main]&amp#27;[0;39m â•‘        Duplicate Image Finder  â€“  2 TB Edition       â•‘
16:35:31 &amp#27;[34mINFO &amp#27;[0;39m &amp#27;[36m[main]&amp#27;[0;39m â• â•�â•�â•�â•�â•�â•�â•�â•�â•�â•�â•�â•�â•�â•�â•�â•�â•�â•�â•�â•�â•�â•�â•�â•�â•�â•�â•�â•�â•�â•�â•�â•�â•�â•�â•�â•�â•�â•�â•�â•�â•�â•�â•�â•�â•�â•�â•�â•�â•�â•�â•�â•�â•�â•�â•£
16:35:31 &amp#27;[34mINFO &amp#27;[0;39m &amp#27;[36m[main]&amp#27;[0;39m â•‘  Input dirs   : 1 directory                         â•‘
16:35:31 &amp#27;[34mINFO &amp#27;[0;39m &amp#27;[36m[main]&amp#27;[0;39m â•‘  Move dups    : YES â†’ â€¦810229595961415871\duplicatesâ•‘
16:35:31 &amp#27;[34mINFO &amp#27;[0;39m &amp#27;[36m[main]&amp#27;[0;39m â•‘  Rename dups  : NO                                  â•‘
16:35:31 &amp#27;[34mINFO &amp#27;[0;39m &amp#27;[36m[main]&amp#27;[0;39m â•‘  Delete dups  : NO                                  â•‘
16:35:31 &amp#27;[34mINFO &amp#27;[0;39m &amp#27;[36m[main]&amp#27;[0;39m â•‘  Excel report : NO                                  â•‘
16:35:31 &amp#27;[34mINFO &amp#27;[0;39m &amp#27;[36m[main]&amp#27;[0;39m â•‘  Threads      : 2                                   â•‘
16:35:31 &amp#27;[34mINFO &amp#27;[0;39m &amp#27;[36m[main]&amp#27;[0;39m â•‘  Buffer       : 64 KB                               â•‘
16:35:31 &amp#27;[34mINFO &amp#27;[0;39m &amp#27;[36m[main]&amp#27;[0;39m â•‘  Partial hash : 8 KB window                         â•‘
16:35:31 &amp#27;[34mINFO &amp#27;[0;39m &amp#27;[36m[main]&amp#27;[0;39m â•šâ•�â•�â•�â•�â•�â•�â•�â•�â•�â•�â•�â•�â•�â•�â•�â•�â•�â•�â•�â•�â•�â•�â•�â•�â•�â•�â•�â•�â•�â•�â•�â•�â•�â•�â•�â•�â•�â•�â•�â•�â•�â•�â•�â•�â•�â•�â•�â•�â•�â•�â•�â•�â•�â•�â•�
16:35:31 &amp#27;[34mINFO &amp#27;[0;39m &amp#27;[36m[main]&amp#27;[0;39m Phase 1 â€“ Collecting image file paths from 1 directory...
16:35:31 &amp#27;[34mINFO &amp#27;[0;39m &amp#27;[36m[main]&amp#27;[0;39m Phase 1 â€“ Done in 0s â€“ 2 image files found.
16:35:31 &amp#27;[34mINFO &amp#27;[0;39m &amp#27;[36m[main]&amp#27;[0;39m Phase 2 â€“ Computing partial hashes (pre-filter) for 2 files...
16:35:31 &amp#27;[34mINFO &amp#27;[0;39m &amp#27;[36m[main]&amp#27;[0;39m Phase 2 â€“ Done in 0s â€“ 0 candidate files passed the pre-filter.
16:35:31 &amp#27;[34mINFO &amp#27;[0;39m &amp#27;[36m[main]&amp#27;[0;39m No duplicates found.
]]></system-out>
  </testcase>
  <testcase name="multipleGroups_allExtrasAreMoved" classname="com.mph.duplicate.DuplicateImageFinderTest" time="0.202">
    <system-out><![CDATA[16:35:31 &amp#27;[34mINFO &amp#27;[0;39m &amp#27;[36m[main]&amp#27;[0;39m â•”â•�â•�â•�â•�â•�â•�â•�â•�â•�â•�â•�â•�â•�â•�â•�â•�â•�â•�â•�â•�â•�â•�â•�â•�â•�â•�â•�â•�â•�â•�â•�â•�â•�â•�â•�â•�â•�â•�â•�â•�â•�â•�â•�â•�â•�â•�â•�â•�â•�â•�â•�â•�â•�â•�â•—
16:35:31 &amp#27;[34mINFO &amp#27;[0;39m &amp#27;[36m[main]&amp#27;[0;39m â•‘        Duplicate Image Finder  â€“  2 TB Edition       â•‘
16:35:31 &amp#27;[34mINFO &amp#27;[0;39m &amp#27;[36m[main]&amp#27;[0;39m â• â•�â•�â•�â•�â•�â•�â•�â•�â•�â•�â•�â•�â•�â•�â•�â•�â•�â•�â•�â•�â•�â•�â•�â•�â•�â•�â•�â•�â•�â•�â•�â•�â•�â•�â•�â•�â•�â•�â•�â•�â•�â•�â•�â•�â•�â•�â•�â•�â•�â•�â•�â•�â•�â•�â•£
16:35:31 &amp#27;[34mINFO &amp#27;[0;39m &amp#27;[36m[main]&amp#27;[0;39m â•‘  Input dirs   : 1 directory                         â•‘
16:35:31 &amp#27;[34mINFO &amp#27;[0;39m &amp#27;[36m[main]&amp#27;[0;39m â•‘  Move dups    : YES â†’ â€¦412402918276111101\duplicatesâ•‘
16:35:31 &amp#27;[34mINFO &amp#27;[0;39m &amp#27;[36m[main]&amp#27;[0;39m â•‘  Rename dups  : NO                                  â•‘
16:35:31 &amp#27;[34mINFO &amp#27;[0;39m &amp#27;[36m[main]&amp#27;[0;39m â•‘  Delete dups  : NO                                  â•‘
16:35:31 &amp#27;[34mINFO &amp#27;[0;39m &amp#27;[36m[main]&amp#27;[0;39m â•‘  Excel report : NO                                  â•‘
16:35:31 &amp#27;[34mINFO &amp#27;[0;39m &amp#27;[36m[main]&amp#27;[0;39m â•‘  Threads      : 2                                   â•‘
16:35:31 &amp#27;[34mINFO &amp#27;[0;39m &amp#27;[36m[main]&amp#27;[0;39m â•‘  Buffer       : 64 KB                               â•‘
16:35:31 &amp#27;[34mINFO &amp#27;[0;39m &amp#27;[36m[main]&amp#27;[0;39m â•‘  Partial hash : 8 KB window                         â•‘
16:35:31 &amp#27;[34mINFO &amp#27;[0;39m &amp#27;[36m[main]&amp#27;[0;39m â•šâ•�â•�â•�â•�â•�â•�â•�â•�â•�â•�â•�â•�â•�â•�â•�â•�â•�â•�â•�â•�â•�â•�â•�â•�â•�â•�â•�â•�â•�â•�â•�â•�â•�â•�â•�â•�â•�â•�â•�â•�â•�â•�â•�â•�â•�â•�â•�â•�â•�â•�â•�â•�â•�â•�â•�
16:35:31 &amp#27;[34mINFO &amp#27;[0;39m &amp#27;[36m[main]&amp#27;[0;39m Phase 1 â€“ Collecting image file paths from 1 directory...
16:35:31 &amp#27;[34mINFO &amp#27;[0;39m &amp#27;[36m[main]&amp#27;[0;39m Phase 1 â€“ Done in 0s â€“ 6 image files found.
16:35:31 &amp#27;[34mINFO &amp#27;[0;39m &amp#27;[36m[main]&amp#27;[0;39m Phase 2 â€“ Computing partial hashes (pre-filter) for 6 files...
16:35:31 &amp#27;[34mINFO &amp#27;[0;39m &amp#27;[36m[main]&amp#27;[0;39m Phase 2 â€“ Done in 0s â€“ 5 candidate files passed the pre-filter.
16:35:31 &amp#27;[34mINFO &amp#27;[0;39m &amp#27;[36m[main]&amp#27;[0;39m Phase 3 â€“ Computing full SHA-256 hashes for 5 candidates...
16:35:31 &amp#27;[34mINFO &amp#27;[0;39m &amp#27;[36m[main]&amp#27;[0;39m Phase 3 â€“ Done in 0s â€“ 2 exact duplicate groups, 3 duplicate files.
16:35:31 &amp#27;[34mINFO &amp#27;[0;39m &amp#27;[36m[main]&amp#27;[0;39m Phase 4 â€“ Moving 3 duplicate files to: C:\Users\anilb\AppData\Local\Temp\junit412402918276111101\duplicates
16:35:31 &amp#27;[34mINFO &amp#27;[0;39m &amp#27;[36m[main]&amp#27;[0;39m Phase 4 â€“ Move done in 0s â€“ moved 3 files, 0 errors.
]]></system-out>
  </testcase>
  <testcase name="rename_multipleGroupsAllRenamed" classname="com.mph.duplicate.DuplicateImageFinderTest" time="0.171">
    <system-out><![CDATA[16:35:31 &amp#27;[34mINFO &amp#27;[0;39m &amp#27;[36m[main]&amp#27;[0;39m â•”â•�â•�â•�â•�â•�â•�â•�â•�â•�â•�â•�â•�â•�â•�â•�â•�â•�â•�â•�â•�â•�â•�â•�â•�â•�â•�â•�â•�â•�â•�â•�â•�â•�â•�â•�â•�â•�â•�â•�â•�â•�â•�â•�â•�â•�â•�â•�â•�â•�â•�â•�â•�â•�â•�â•—
16:35:31 &amp#27;[34mINFO &amp#27;[0;39m &amp#27;[36m[main]&amp#27;[0;39m â•‘        Duplicate Image Finder  â€“  2 TB Edition       â•‘
16:35:31 &amp#27;[34mINFO &amp#27;[0;39m &amp#27;[36m[main]&amp#27;[0;39m â• â•�â•�â•�â•�â•�â•�â•�â•�â•�â•�â•�â•�â•�â•�â•�â•�â•�â•�â•�â•�â•�â•�â•�â•�â•�â•�â•�â•�â•�â•�â•�â•�â•�â•�â•�â•�â•�â•�â•�â•�â•�â•�â•�â•�â•�â•�â•�â•�â•�â•�â•�â•�â•�â•�â•£
16:35:31 &amp#27;[34mINFO &amp#27;[0;39m &amp#27;[36m[main]&amp#27;[0;39m â•‘  Input dirs   : 1 directory                         â•‘
16:35:31 &amp#27;[34mINFO &amp#27;[0;39m &amp#27;[36m[main]&amp#27;[0;39m â•‘  Move dups    : NO                                  â•‘
16:35:31 &amp#27;[34mINFO &amp#27;[0;39m &amp#27;[36m[main]&amp#27;[0;39m â•‘  Rename dups  : YES (originalName_N.ext)            â•‘
16:35:31 &amp#27;[34mINFO &amp#27;[0;39m &amp#27;[36m[main]&amp#27;[0;39m â•‘  Delete dups  : NO                                  â•‘
16:35:31 &amp#27;[34mINFO &amp#27;[0;39m &amp#27;[36m[main]&amp#27;[0;39m â•‘  Excel report : NO                                  â•‘
16:35:31 &amp#27;[34mINFO &amp#27;[0;39m &amp#27;[36m[main]&amp#27;[0;39m â•‘  Threads      : 2                                   â•‘
16:35:31 &amp#27;[34mINFO &amp#27;[0;39m &amp#27;[36m[main]&amp#27;[0;39m â•‘  Buffer       : 64 KB                               â•‘
16:35:31 &amp#27;[34mINFO &amp#27;[0;39m &amp#27;[36m[main]&amp#27;[0;39m â•‘  Partial hash : 8 KB window                         â•‘
16:35:31 &amp#27;[34mINFO &amp#27;[0;39m &amp#27;[36m[main]&amp#27;[0;39m â•šâ•�â•�â•�â•�â•�â•�â•�â•�â•�â•�â•�â•�â•�â•�â•�â•�â•�â•�â•�â•�â•�â•�â•�â•�â•�â•�â•�â•�â•�â•�â•�â•�â•�â•�â•�â•�â•�â•�â•�â•�â•�â•�â•�â•�â•�â•�â•�â•�â•�â•�â•�â•�â•�â•�â•�
16:35:31 &amp#27;[34mINFO &amp#27;[0;39m &amp#27;[36m[main]&amp#27;[0;39m Phase 1 â€“ Collecting image file paths from 1 directory...
16:35:31 &amp#27;[34mINFO &amp#27;[0;39m &amp#27;[36m[main]&amp#27;[0;39m Phase 1 â€“ Done in 0s â€“ 5 image files found.
16:35:31 &amp#27;[34mINFO &amp#27;[0;39m &amp#27;[36m[main]&amp#27;[0;39m Phase 2 â€“ Computing partial hashes (pre-filter) for 5 files...
16:35:31 &amp#27;[34mINFO &amp#27;[0;39m &amp#27;[36m[main]&amp#27;[0;39m Phase 2 â€“ Done in 0s â€“ 5 candidate files passed the pre-filter.
16:35:31 &amp#27;[34mINFO &amp#27;[0;39m &amp#27;[36m[main]&amp#27;[0;39m Phase 3 â€“ Computing full SHA-256 hashes for 5 candidates...
16:35:31 &amp#27;[34mINFO &amp#27;[0;39m &amp#27;[36m[main]&amp#27;[0;39m Phase 3 â€“ Done in 0s â€“ 2 exact duplicate groups, 3 duplicate files.
16:35:31 &amp#27;[34mINFO &amp#27;[0;39m &amp#27;[36m[main]&amp#27;[0;39m Phase 4 â€“ Renaming 3 duplicate files in-place (counter suffix)â€¦
16:35:31 &amp#27;[34mINFO &amp#27;[0;39m &amp#27;[36m[main]&amp#27;[0;39m Phase 4 â€“ Rename done in 0s â€“ renamed 3 files, 0 errors.
]]></system-out>
  </testcase>
  <testcase name="noMove_duplicatesDetectedButNotMoved" classname="com.mph.duplicate.DuplicateImageFinderTest" time="0.12">
    <system-out><![CDATA[16:35:31 &amp#27;[34mINFO &amp#27;[0;39m &amp#27;[36m[main]&amp#27;[0;39m â•”â•�â•�â•�â•�â•�â•�â•�â•�â•�â•�â•�â•�â•�â•�â•�â•�â•�â•�â•�â•�â•�â•�â•�â•�â•�â•�â•�â•�â•�â•�â•�â•�â•�â•�â•�â•�â•�â•�â•�â•�â•�â•�â•�â•�â•�â•�â•�â•�â•�â•�â•�â•�â•�â•�â•—
16:35:31 &amp#27;[34mINFO &amp#27;[0;39m &amp#27;[36m[main]&amp#27;[0;39m â•‘        Duplicate Image Finder  â€“  2 TB Edition       â•‘
16:35:31 &amp#27;[34mINFO &amp#27;[0;39m &amp#27;[36m[main]&amp#27;[0;39m â• â•�â•�â•�â•�â•�â•�â•�â•�â•�â•�â•�â•�â•�â•�â•�â•�â•�â•�â•�â•�â•�â•�â•�â•�â•�â•�â•�â•�â•�â•�â•�â•�â•�â•�â•�â•�â•�â•�â•�â•�â•�â•�â•�â•�â•�â•�â•�â•�â•�â•�â•�â•�â•�â•�â•£
16:35:31 &amp#27;[34mINFO &amp#27;[0;39m &amp#27;[36m[main]&amp#27;[0;39m â•‘  Input dirs   : 1 directory                         â•‘
16:35:31 &amp#27;[34mINFO &amp#27;[0;39m &amp#27;[36m[main]&amp#27;[0;39m â•‘  Move dups    : NO                                  â•‘
16:35:31 &amp#27;[34mINFO &amp#27;[0;39m &amp#27;[36m[main]&amp#27;[0;39m â•‘  Rename dups  : NO                                  â•‘
16:35:31 &amp#27;[34mINFO &amp#27;[0;39m &amp#27;[36m[main]&amp#27;[0;39m â•‘  Delete dups  : NO                                  â•‘
16:35:31 &amp#27;[34mINFO &amp#27;[0;39m &amp#27;[36m[main]&amp#27;[0;39m â•‘  Excel report : NO                                  â•‘
16:35:31 &amp#27;[34mINFO &amp#27;[0;39m &amp#27;[36m[main]&amp#27;[0;39m â•‘  Threads      : 2                                   â•‘
16:35:31 &amp#27;[34mINFO &amp#27;[0;39m &amp#27;[36m[main]&amp#27;[0;39m â•‘  Buffer       : 64 KB                               â•‘
16:35:31 &amp#27;[34mINFO &amp#27;[0;39m &amp#27;[36m[main]&amp#27;[0;39m â•‘  Partial hash : 8 KB window                         â•‘
16:35:31 &amp#27;[34mINFO &amp#27;[0;39m &amp#27;[36m[main]&amp#27;[0;39m â•šâ•�â•�â•�â•�â•�â•�â•�â•�â•�â•�â•�â•�â•�â•�â•�â•�â•�â•�â•�â•�â•�â•�â•�â•�â•�â•�â•�â•�â•�â•�â•�â•�â•�â•�â•�â•�â•�â•�â•�â•�â•�â•�â•�â•�â•�â•�â•�â•�â•�â•�â•�â•�â•�â•�â•�
16:35:31 &amp#27;[34mINFO &amp#27;[0;39m &amp#27;[36m[main]&amp#27;[0;39m Phase 1 â€“ Collecting image file paths from 1 directory...
16:35:31 &amp#27;[34mINFO &amp#27;[0;39m &amp#27;[36m[main]&amp#27;[0;39m Phase 1 â€“ Done in 0s â€“ 2 image files found.
16:35:31 &amp#27;[34mINFO &amp#27;[0;39m &amp#27;[36m[main]&amp#27;[0;39m Phase 2 â€“ Computing partial hashes (pre-filter) for 2 files...
16:35:31 &amp#27;[34mINFO &amp#27;[0;39m &amp#27;[36m[main]&amp#27;[0;39m Phase 2 â€“ Done in 0s â€“ 2 candidate files passed the pre-filter.
16:35:31 &amp#27;[34mINFO &amp#27;[0;39m &amp#27;[36m[main]&amp#27;[0;39m Phase 3 â€“ Computing full SHA-256 hashes for 2 candidates...
16:35:31 &amp#27;[34mINFO &amp#27;[0;39m &amp#27;[36m[main]&amp#27;[0;39m Phase 3 â€“ Done in 0s â€“ 1 exact duplicate groups, 1 duplicate files.
16:35:31 &amp#27;[34mINFO &amp#27;[0;39m &amp#27;[36m[main]&amp#27;[0;39m Phase 4 â€“ No action flags active. Scan complete â€“ no files modified.
]]></system-out>
  </testcase>
  <testcase name="noDuplicates_noFileMoved" classname="com.mph.duplicate.DuplicateImageFinderTest" time="0.095">
    <system-out><![CDATA[16:35:31 &amp#27;[34mINFO &amp#27;[0;39m &amp#27;[36m[main]&amp#27;[0;39m â•”â•�â•�â•�â•�â•�â•�â•�â•�â•�â•�â•�â•�â•�â•�â•�â•�â•�â•�â•�â•�â•�â•�â•�â•�â•�â•�â•�â•�â•�â•�â•�â•�â•�â•�â•�â•�â•�â•�â•�â•�â•�â•�â•�â•�â•�â•�â•�â•�â•�â•�â•�â•�â•�â•�â•—
16:35:31 &amp#27;[34mINFO &amp#27;[0;39m &amp#27;[36m[main]&amp#27;[0;39m â•‘        Duplicate Image Finder  â€“  2 TB Edition       â•‘
16:35:31 &amp#27;[34mINFO &amp#27;[0;39m &amp#27;[36m[main]&amp#27;[0;39m â• â•�â•�â•�â•�â•�â•�â•�â•�â•�â•�â•�â•�â•�â•�â•�â•�â•�â•�â•�â•�â•�â•�â•�â•�â•�â•�â•�â•�â•�â•�â•�â•�â•�â•�â•�â•�â•�â•�â•�â•�â•�â•�â•�â•�â•�â•�â•�â•�â•�â•�â•�â•�â•�â•�â•£
16:35:31 &amp#27;[34mINFO &amp#27;[0;39m &amp#27;[36m[main]&amp#27;[0;39m â•‘  Input dirs   : 1 directory                         â•‘
16:35:31 &amp#27;[34mINFO &amp#27;[0;39m &amp#27;[36m[main]&amp#27;[0;39m â•‘  Move dups    : YES â†’ â€¦880403616422242974\duplicatesâ•‘
16:35:31 &amp#27;[34mINFO &amp#27;[0;39m &amp#27;[36m[main]&amp#27;[0;39m â•‘  Rename dups  : NO                                  â•‘
16:35:31 &amp#27;[34mINFO &amp#27;[0;39m &amp#27;[36m[main]&amp#27;[0;39m â•‘  Delete dups  : NO                                  â•‘
16:35:31 &amp#27;[34mINFO &amp#27;[0;39m &amp#27;[36m[main]&amp#27;[0;39m â•‘  Excel report : NO                                  â•‘
16:35:31 &amp#27;[34mINFO &amp#27;[0;39m &amp#27;[36m[main]&amp#27;[0;39m â•‘  Threads      : 2                                   â•‘
16:35:31 &amp#27;[34mINFO &amp#27;[0;39m &amp#27;[36m[main]&amp#27;[0;39m â•‘  Buffer       : 64 KB                               â•‘
16:35:31 &amp#27;[34mINFO &amp#27;[0;39m &amp#27;[36m[main]&amp#27;[0;39m â•‘  Partial hash : 8 KB window                         â•‘
16:35:31 &amp#27;[34mINFO &amp#27;[0;39m &amp#27;[36m[main]&amp#27;[0;39m â•šâ•�â•�â•�â•�â•�â•�â•�â•�â•�â•�â•�â•�â•�â•�â•�â•�â•�â•�â•�â•�â•�â•�â•�â•�â•�â•�â•�â•�â•�â•�â•�â•�â•�â•�â•�â•�â•�â•�â•�â•�â•�â•�â•�â•�â•�â•�â•�â•�â•�â•�â•�â•�â•�â•�â•�
16:35:31 &amp#27;[34mINFO &amp#27;[0;39m &amp#27;[36m[main]&amp#27;[0;39m Phase 1 â€“ Collecting image file paths from 1 directory...
16:35:31 &amp#27;[34mINFO &amp#27;[0;39m &amp#27;[36m[main]&amp#27;[0;39m Phase 1 â€“ Done in 0s â€“ 3 image files found.
16:35:31 &amp#27;[34mINFO &amp#27;[0;39m &amp#27;[36m[main]&amp#27;[0;39m Phase 2 â€“ Computing partial hashes (pre-filter) for 3 files...
16:35:31 &amp#27;[34mINFO &amp#27;[0;39m &amp#27;[36m[main]&amp#27;[0;39m Phase 2 â€“ Done in 0s â€“ 0 candidate files passed the pre-filter.
16:35:31 &amp#27;[34mINFO &amp#27;[0;39m &amp#27;[36m[main]&amp#27;[0;39m No duplicates found.
]]></system-out>
  </testcase>
  <testcase name="fileHasher_sameContent_sameHash" classname="com.mph.duplicate.DuplicateImageFinderTest" time="0.013"/>
  <testcase name="fileHasher_differentContent_differentHash" classname="com.mph.duplicate.DuplicateImageFinderTest" time="0.013"/>
  <testcase name="rename_duplicateFileRenamedWithSuffix" classname="com.mph.duplicate.DuplicateImageFinderTest" time="0.134">
    <system-out><![CDATA[16:35:31 &amp#27;[34mINFO &amp#27;[0;39m &amp#27;[36m[main]&amp#27;[0;39m â•”â•�â•�â•�â•�â•�â•�â•�â•�â•�â•�â•�â•�â•�â•�â•�â•�â•�â•�â•�â•�â•�â•�â•�â•�â•�â•�â•�â•�â•�â•�â•�â•�â•�â•�â•�â•�â•�â•�â•�â•�â•�â•�â•�â•�â•�â•�â•�â•�â•�â•�â•�â•�â•�â•�â•—
16:35:31 &amp#27;[34mINFO &amp#27;[0;39m &amp#27;[36m[main]&amp#27;[0;39m â•‘        Duplicate Image Finder  â€“  2 TB Edition       â•‘
16:35:31 &amp#27;[34mINFO &amp#27;[0;39m &amp#27;[36m[main]&amp#27;[0;39m â• â•�â•�â•�â•�â•�â•�â•�â•�â•�â•�â•�â•�â•�â•�â•�â•�â•�â•�â•�â•�â•�â•�â•�â•�â•�â•�â•�â•�â•�â•�â•�â•�â•�â•�â•�â•�â•�â•�â•�â•�â•�â•�â•�â•�â•�â•�â•�â•�â•�â•�â•�â•�â•�â•�â•£
16:35:31 &amp#27;[34mINFO &amp#27;[0;39m &amp#27;[36m[main]&amp#27;[0;39m â•‘  Input dirs   : 1 directory                         â•‘
16:35:31 &amp#27;[34mINFO &amp#27;[0;39m &amp#27;[36m[main]&amp#27;[0;39m â•‘  Move dups    : NO                                  â•‘
16:35:31 &amp#27;[34mINFO &amp#27;[0;39m &amp#27;[36m[main]&amp#27;[0;39m â•‘  Rename dups  : YES (originalName_N.ext)            â•‘
16:35:31 &amp#27;[34mINFO &amp#27;[0;39m &amp#27;[36m[main]&amp#27;[0;39m â•‘  Delete dups  : NO                                  â•‘
16:35:31 &amp#27;[34mINFO &amp#27;[0;39m &amp#27;[36m[main]&amp#27;[0;39m â•‘  Excel report : NO                                  â•‘
16:35:31 &amp#27;[34mINFO &amp#27;[0;39m &amp#27;[36m[main]&amp#27;[0;39m â•‘  Threads      : 2                                   â•‘
16:35:31 &amp#27;[34mINFO &amp#27;[0;39m &amp#27;[36m[main]&amp#27;[0;39m â•‘  Buffer       : 64 KB                               â•‘
16:35:31 &amp#27;[34mINFO &amp#27;[0;39m &amp#27;[36m[main]&amp#27;[0;39m â•‘  Partial hash : 8 KB window                         â•‘
16:35:31 &amp#27;[34mINFO &amp#27;[0;39m &amp#27;[36m[main]&amp#27;[0;39m â•šâ•�â•�â•�â•�â•�â•�â•�â•�â•�â•�â•�â•�â•�â•�â•�â•�â•�â•�â•�â•�â•�â•�â•�â•�â•�â•�â•�â•�â•�â•�â•�â•�â•�â•�â•�â•�â•�â•�â•�â•�â•�â•�â•�â•�â•�â•�â•�â•�â•�â•�â•�â•�â•�â•�â•�
16:35:31 &amp#27;[34mINFO &amp#27;[0;39m &amp#27;[36m[main]&amp#27;[0;39m Phase 1 â€“ Collecting image file paths from 1 directory...
16:35:31 &amp#27;[34mINFO &amp#27;[0;39m &amp#27;[36m[main]&amp#27;[0;39m Phase 1 â€“ Done in 0s â€“ 2 image files found.
16:35:31 &amp#27;[34mINFO &amp#27;[0;39m &amp#27;[36m[main]&amp#27;[0;39m Phase 2 â€“ Computing partial hashes (pre-filter) for 2 files...
16:35:31 &amp#27;[34mINFO &amp#27;[0;39m &amp#27;[36m[main]&amp#27;[0;39m Phase 2 â€“ Done in 0s â€“ 2 candidate files passed the pre-filter.
16:35:31 &amp#27;[34mINFO &amp#27;[0;39m &amp#27;[36m[main]&amp#27;[0;39m Phase 3 â€“ Computing full SHA-256 hashes for 2 candidates...
16:35:31 &amp#27;[34mINFO &amp#27;[0;39m &amp#27;[36m[main]&amp#27;[0;39m Phase 3 â€“ Done in 0s â€“ 1 exact duplicate groups, 1 duplicate files.
16:35:31 &amp#27;[34mINFO &amp#27;[0;39m &amp#27;[36m[main]&amp#27;[0;39m Phase 4 â€“ Renaming 1 duplicate files in-place (counter suffix)â€¦
16:35:31 &amp#27;[34mINFO &amp#27;[0;39m &amp#27;[36m[main]&amp#27;[0;39m Phase 4 â€“ Rename done in 0s â€“ renamed 1 files, 0 errors.
]]></system-out>
  </testcase>
  <testcase name="nonImageFiles_areIgnored" classname="com.mph.duplicate.DuplicateImageFinderTest" time="0.046">
    <system-out><![CDATA[16:35:31 &amp#27;[34mINFO &amp#27;[0;39m &amp#27;[36m[main]&amp#27;[0;39m â•”â•�â•�â•�â•�â•�â•�â•�â•�â•�â•�â•�â•�â•�â•�â•�â•�â•�â•�â•�â•�â•�â•�â•�â•�â•�â•�â•�â•�â•�â•�â•�â•�â•�â•�â•�â•�â•�â•�â•�â•�â•�â•�â•�â•�â•�â•�â•�â•�â•�â•�â•�â•�â•�â•�â•—
16:35:31 &amp#27;[34mINFO &amp#27;[0;39m &amp#27;[36m[main]&amp#27;[0;39m â•‘        Duplicate Image Finder  â€“  2 TB Edition       â•‘
16:35:31 &amp#27;[34mINFO &amp#27;[0;39m &amp#27;[36m[main]&amp#27;[0;39m â• â•�â•�â•�â•�â•�â•�â•�â•�â•�â•�â•�â•�â•�â•�â•�â•�â•�â•�â•�â•�â•�â•�â•�â•�â•�â•�â•�â•�â•�â•�â•�â•�â•�â•�â•�â•�â•�â•�â•�â•�â•�â•�â•�â•�â•�â•�â•�â•�â•�â•�â•�â•�â•�â•�â•£
16:35:31 &amp#27;[34mINFO &amp#27;[0;39m &amp#27;[36m[main]&amp#27;[0;39m â•‘  Input dirs   : 1 directory                         â•‘
16:35:31 &amp#27;[34mINFO &amp#27;[0;39m &amp#27;[36m[main]&amp#27;[0;39m â•‘  Move dups    : YES â†’ â€¦812464281063504940\duplicatesâ•‘
16:35:31 &amp#27;[34mINFO &amp#27;[0;39m &amp#27;[36m[main]&amp#27;[0;39m â•‘  Rename dups  : NO                                  â•‘
16:35:31 &amp#27;[34mINFO &amp#27;[0;39m &amp#27;[36m[main]&amp#27;[0;39m â•‘  Delete dups  : NO                                  â•‘
16:35:31 &amp#27;[34mINFO &amp#27;[0;39m &amp#27;[36m[main]&amp#27;[0;39m â•‘  Excel report : NO                                  â•‘
16:35:31 &amp#27;[34mINFO &amp#27;[0;39m &amp#27;[36m[main]&amp#27;[0;39m â•‘  Threads      : 2                                   â•‘
16:35:31 &amp#27;[34mINFO &amp#27;[0;39m &amp#27;[36m[main]&amp#27;[0;39m â•‘  Buffer       : 64 KB                               â•‘
16:35:31 &amp#27;[34mINFO &amp#27;[0;39m &amp#27;[36m[main]&amp#27;[0;39m â•‘  Partial hash : 8 KB window                         â•‘
16:35:31 &amp#27;[34mINFO &amp#27;[0;39m &amp#27;[36m[main]&amp#27;[0;39m â•šâ•�â•�â•�â•�â•�â•�â•�â•�â•�â•�â•�â•�â•�â•�â•�â•�â•�â•�â•�â•�â•�â•�â•�â•�â•�â•�â•�â•�â•�â•�â•�â•�â•�â•�â•�â•�â•�â•�â•�â•�â•�â•�â•�â•�â•�â•�â•�â•�â•�â•�â•�â•�â•�â•�â•�
16:35:31 &amp#27;[34mINFO &amp#27;[0;39m &amp#27;[36m[main]&amp#27;[0;39m Phase 1 â€“ Collecting image file paths from 1 directory...
16:35:31 &amp#27;[34mINFO &amp#27;[0;39m &amp#27;[36m[main]&amp#27;[0;39m Phase 1 â€“ Done in 0s â€“ 1 image files found.
16:35:31 &amp#27;[34mINFO &amp#27;[0;39m &amp#27;[36m[main]&amp#27;[0;39m Phase 2 â€“ Computing partial hashes (pre-filter) for 1 files...
16:35:31 &amp#27;[34mINFO &amp#27;[0;39m &amp#27;[36m[main]&amp#27;[0;39m Phase 2 â€“ Done in 0s â€“ 0 candidate files passed the pre-filter.
16:35:31 &amp#27;[34mINFO &amp#27;[0;39m &amp#27;[36m[main]&amp#27;[0;39m No duplicates found.
]]></system-out>
  </testcase>
  <testcase name="report_rowsWithMultipleDuplicatesAreRedHighlighted" classname="com.mph.duplicate.DuplicateImageFinderTest" time="0.173">
    <system-out><![CDATA[16:35:31 &amp#27;[34mINFO &amp#27;[0;39m &amp#27;[36m[main]&amp#27;[0;39m â•”â•�â•�â•�â•�â•�â•�â•�â•�â•�â•�â•�â•�â•�â•�â•�â•�â•�â•�â•�â•�â•�â•�â•�â•�â•�â•�â•�â•�â•�â•�â•�â•�â•�â•�â•�â•�â•�â•�â•�â•�â•�â•�â•�â•�â•�â•�â•�â•�â•�â•�â•�â•�â•�â•�â•—
16:35:31 &amp#27;[34mINFO &amp#27;[0;39m &amp#27;[36m[main]&amp#27;[0;39m â•‘        Duplicate Image Finder  â€“  2 TB Edition       â•‘
16:35:31 &amp#27;[34mINFO &amp#27;[0;39m &amp#27;[36m[main]&amp#27;[0;39m â• â•�â•�â•�â•�â•�â•�â•�â•�â•�â•�â•�â•�â•�â•�â•�â•�â•�â•�â•�â•�â•�â•�â•�â•�â•�â•�â•�â•�â•�â•�â•�â•�â•�â•�â•�â•�â•�â•�â•�â•�â•�â•�â•�â•�â•�â•�â•�â•�â•�â•�â•�â•�â•�â•�â•£
16:35:31 &amp#27;[34mINFO &amp#27;[0;39m &amp#27;[36m[main]&amp#27;[0;39m â•‘  Input dirs   : 1 directory                         â•‘
16:35:31 &amp#27;[34mINFO &amp#27;[0;39m &amp#27;[36m[main]&amp#27;[0;39m â•‘  Move dups    : NO                                  â•‘
16:35:31 &amp#27;[34mINFO &amp#27;[0;39m &amp#27;[36m[main]&amp#27;[0;39m â•‘  Rename dups  : NO                                  â•‘
16:35:31 &amp#27;[34mINFO &amp#27;[0;39m &amp#27;[36m[main]&amp#27;[0;39m â•‘  Delete dups  : NO                                  â•‘
16:35:31 &amp#27;[34mINFO &amp#27;[0;39m &amp#27;[36m[main]&amp#27;[0;39m â•‘  Excel report : â€¦unit2199940135530356072\report.xlsxâ•‘
16:35:31 &amp#27;[34mINFO &amp#27;[0;39m &amp#27;[36m[main]&amp#27;[0;39m â•‘  Threads      : 2                                   â•‘
16:35:31 &amp#27;[34mINFO &amp#27;[0;39m &amp#27;[36m[main]&amp#27;[0;39m â•‘  Buffer       : 64 KB                               â•‘
16:35:31 &amp#27;[34mINFO &amp#27;[0;39m &amp#27;[36m[main]&amp#27;[0;39m â•‘  Partial hash : 8 KB window                         â•‘
16:35:31 &amp#27;[34mINFO &amp#27;[0;39m &amp#27;[36m[main]&amp#27;[0;39m â•šâ•�â•�â•�â•�â•�â•�â•�â•�â•�â•�â•�â•�â•�â•�â•�â•�â•�â•�â•�â•�â•�â•�â•�â•�â•�â•�â•�â•�â•�â•�â•�â•�â•�â•�â•�â•�â•�â•�â•�â•�â•�â•�â•�â•�â•�â•�â•�â•�â•�â•�â•�â•�â•�â•�â•�
16:35:31 &amp#27;[34mINFO &amp#27;[0;39m &amp#27;[36m[main]&amp#27;[0;39m Phase 1 â€“ Collecting image file paths from 1 directory...
16:35:31 &amp#27;[34mINFO &amp#27;[0;39m &amp#27;[36m[main]&amp#27;[0;39m Phase 1 â€“ Done in 0s â€“ 5 image files found.
16:35:31 &amp#27;[34mINFO &amp#27;[0;39m &amp#27;[36m[main]&amp#27;[0;39m Phase 2 â€“ Computing partial hashes (pre-filter) for 5 files...
16:35:31 &amp#27;[34mINFO &amp#27;[0;39m &amp#27;[36m[main]&amp#27;[0;39m Phase 2 â€“ Done in 0s â€“ 5 candidate files passed the pre-filter.
16:35:31 &amp#27;[34mINFO &amp#27;[0;39m &amp#27;[36m[main]&amp#27;[0;39m Phase 3 â€“ Computing full SHA-256 hashes for 5 candidates...
16:35:31 &amp#27;[34mINFO &amp#27;[0;39m &amp#27;[36m[main]&amp#27;[0;39m Phase 3 â€“ Done in 0s â€“ 2 exact duplicate groups, 3 duplicate files.
16:35:31 &amp#27;[34mINFO &amp#27;[0;39m &amp#27;[36m[main]&amp#27;[0;39m Phase 4 â€“ Generating Excel report â†’ C:\Users\anilb\AppData\Local\Temp\junit2199940135530356072\report.xlsx
16:35:32 &amp#27;[34mINFO &amp#27;[0;39m &amp#27;[36m[main]&amp#27;[0;39m Excel report written â†’ C:\Users\anilb\AppData\Local\Temp\junit2199940135530356072\report.xlsx  (2 groups)
16:35:32 &amp#27;[34mINFO &amp#27;[0;39m &amp#27;[36m[main]&amp#27;[0;39m Phase 4 â€“ Report done in 0s.
]]></system-out>
  </testcase>
  <testcase name="crossDirectoryDuplicates_areDetected" classname="com.mph.duplicate.DuplicateImageFinderTest" time="0.108">
    <system-out><![CDATA[16:35:32 &amp#27;[34mINFO &amp#27;[0;39m &amp#27;[36m[main]&amp#27;[0;39m â•”â•�â•�â•�â•�â•�â•�â•�â•�â•�â•�â•�â•�â•�â•�â•�â•�â•�â•�â•�â•�â•�â•�â•�â•�â•�â•�â•�â•�â•�â•�â•�â•�â•�â•�â•�â•�â•�â•�â•�â•�â•�â•�â•�â•�â•�â•�â•�â•�â•�â•�â•�â•�â•�â•�â•—
16:35:32 &amp#27;[34mINFO &amp#27;[0;39m &amp#27;[36m[main]&amp#27;[0;39m â•‘        Duplicate Image Finder  â€“  2 TB Edition       â•‘
16:35:32 &amp#27;[34mINFO &amp#27;[0;39m &amp#27;[36m[main]&amp#27;[0;39m â• â•�â•�â•�â•�â•�â•�â•�â•�â•�â•�â•�â•�â•�â•�â•�â•�â•�â•�â•�â•�â•�â•�â•�â•�â•�â•�â•�â•�â•�â•�â•�â•�â•�â•�â•�â•�â•�â•�â•�â•�â•�â•�â•�â•�â•�â•�â•�â•�â•�â•�â•�â•�â•�â•�â•£
16:35:32 &amp#27;[34mINFO &amp#27;[0;39m &amp#27;[36m[main]&amp#27;[0;39m â•‘  Input dirs   : 2 directories                       â•‘
16:35:32 &amp#27;[34mINFO &amp#27;[0;39m &amp#27;[36m[main]&amp#27;[0;39m â•‘  Move dups    : YES â†’ â€¦213419040121921224\duplicatesâ•‘
16:35:32 &amp#27;[34mINFO &amp#27;[0;39m &amp#27;[36m[main]&amp#27;[0;39m â•‘  Rename dups  : NO                                  â•‘
16:35:32 &amp#27;[34mINFO &amp#27;[0;39m &amp#27;[36m[main]&amp#27;[0;39m â•‘  Delete dups  : NO                                  â•‘
16:35:32 &amp#27;[34mINFO &amp#27;[0;39m &amp#27;[36m[main]&amp#27;[0;39m â•‘  Excel report : NO                                  â•‘
16:35:32 &amp#27;[34mINFO &amp#27;[0;39m &amp#27;[36m[main]&amp#27;[0;39m â•‘  Threads      : 2                                   â•‘
16:35:32 &amp#27;[34mINFO &amp#27;[0;39m &amp#27;[36m[main]&amp#27;[0;39m â•‘  Buffer       : 64 KB                               â•‘
16:35:32 &amp#27;[34mINFO &amp#27;[0;39m &amp#27;[36m[main]&amp#27;[0;39m â•‘  Partial hash : 8 KB window                         â•‘
16:35:32 &amp#27;[34mINFO &amp#27;[0;39m &amp#27;[36m[main]&amp#27;[0;39m â•šâ•�â•�â•�â•�â•�â•�â•�â•�â•�â•�â•�â•�â•�â•�â•�â•�â•�â•�â•�â•�â•�â•�â•�â•�â•�â•�â•�â•�â•�â•�â•�â•�â•�â•�â•�â•�â•�â•�â•�â•�â•�â•�â•�â•�â•�â•�â•�â•�â•�â•�â•�â•�â•�â•�â•�
16:35:32 &amp#27;[34mINFO &amp#27;[0;39m &amp#27;[36m[main]&amp#27;[0;39m Phase 1 â€“ Collecting image file paths from 2 directories...
16:35:32 &amp#27;[34mINFO &amp#27;[0;39m &amp#27;[36m[main]&amp#27;[0;39m Phase 1 â€“ Done in 0s â€“ 2 image files found.
16:35:32 &amp#27;[34mINFO &amp#27;[0;39m &amp#27;[36m[main]&amp#27;[0;39m Phase 2 â€“ Computing partial hashes (pre-filter) for 2 files...
16:35:32 &amp#27;[34mINFO &amp#27;[0;39m &amp#27;[36m[main]&amp#27;[0;39m Phase 2 â€“ Done in 0s â€“ 2 candidate files passed the pre-filter.
16:35:32 &amp#27;[34mINFO &amp#27;[0;39m &amp#27;[36m[main]&amp#27;[0;39m Phase 3 â€“ Computing full SHA-256 hashes for 2 candidates...
16:35:32 &amp#27;[34mINFO &amp#27;[0;39m &amp#27;[36m[main]&amp#27;[0;39m Phase 3 â€“ Done in 0s â€“ 1 exact duplicate groups, 1 duplicate files.
16:35:32 &amp#27;[34mINFO &amp#27;[0;39m &amp#27;[36m[main]&amp#27;[0;39m Phase 4 â€“ Moving 1 duplicate files to: C:\Users\anilb\AppData\Local\Temp\junit213419040121921224\duplicates
16:35:32 &amp#27;[34mINFO &amp#27;[0;39m &amp#27;[36m[main]&amp#27;[0;39m Phase 4 â€“ Move done in 0s â€“ moved 1 files, 0 errors.
]]></system-out>
  </testcase>
  <testcase name="report_noMove_reportOnly_noFilesModified" classname="com.mph.duplicate.DuplicateImageFinderTest" time="0.144">
    <system-out><![CDATA[16:35:32 &amp#27;[34mINFO &amp#27;[0;39m &amp#27;[36m[main]&amp#27;[0;39m â•”â•�â•�â•�â•�â•�â•�â•�â•�â•�â•�â•�â•�â•�â•�â•�â•�â•�â•�â•�â•�â•�â•�â•�â•�â•�â•�â•�â•�â•�â•�â•�â•�â•�â•�â•�â•�â•�â•�â•�â•�â•�â•�â•�â•�â•�â•�â•�â•�â•�â•�â•�â•�â•�â•�â•—
16:35:32 &amp#27;[34mINFO &amp#27;[0;39m &amp#27;[36m[main]&amp#27;[0;39m â•‘        Duplicate Image Finder  â€“  2 TB Edition       â•‘
16:35:32 &amp#27;[34mINFO &amp#27;[0;39m &amp#27;[36m[main]&amp#27;[0;39m â• â•�â•�â•�â•�â•�â•�â•�â•�â•�â•�â•�â•�â•�â•�â•�â•�â•�â•�â•�â•�â•�â•�â•�â•�â•�â•�â•�â•�â•�â•�â•�â•�â•�â•�â•�â•�â•�â•�â•�â•�â•�â•�â•�â•�â•�â•�â•�â•�â•�â•�â•�â•�â•�â•�â•£
16:35:32 &amp#27;[34mINFO &amp#27;[0;39m &amp#27;[36m[main]&amp#27;[0;39m â•‘  Input dirs   : 1 directory                         â•‘
16:35:32 &amp#27;[34mINFO &amp#27;[0;39m &amp#27;[36m[main]&amp#27;[0;39m â•‘  Move dups    : NO                                  â•‘
16:35:32 &amp#27;[34mINFO &amp#27;[0;39m &amp#27;[36m[main]&amp#27;[0;39m â•‘  Rename dups  : NO                                  â•‘
16:35:32 &amp#27;[34mINFO &amp#27;[0;39m &amp#27;[36m[main]&amp#27;[0;39m â•‘  Delete dups  : NO                                  â•‘
16:35:32 &amp#27;[34mINFO &amp#27;[0;39m &amp#27;[36m[main]&amp#27;[0;39m â•‘  Excel report : â€¦nit17313173331979861668\report.xlsxâ•‘
16:35:32 &amp#27;[34mINFO &amp#27;[0;39m &amp#27;[36m[main]&amp#27;[0;39m â•‘  Threads      : 2                                   â•‘
16:35:32 &amp#27;[34mINFO &amp#27;[0;39m &amp#27;[36m[main]&amp#27;[0;39m â•‘  Buffer       : 64 KB                               â•‘
16:35:32 &amp#27;[34mINFO &amp#27;[0;39m &amp#27;[36m[main]&amp#27;[0;39m â•‘  Partial hash : 8 KB window                         â•‘
16:35:32 &amp#27;[34mINFO &amp#27;[0;39m &amp#27;[36m[main]&amp#27;[0;39m â•šâ•�â•�â•�â•�â•�â•�â•�â•�â•�â•�â•�â•�â•�â•�â•�â•�â•�â•�â•�â•�â•�â•�â•�â•�â•�â•�â•�â•�â•�â•�â•�â•�â•�â•�â•�â•�â•�â•�â•�â•�â•�â•�â•�â•�â•�â•�â•�â•�â•�â•�â•�â•�â•�â•�â•�
16:35:32 &amp#27;[34mINFO &amp#27;[0;39m &amp#27;[36m[main]&amp#27;[0;39m Phase 1 â€“ Collecting image file paths from 1 directory...
16:35:32 &amp#27;[34mINFO &amp#27;[0;39m &amp#27;[36m[main]&amp#27;[0;39m Phase 1 â€“ Done in 0s â€“ 2 image files found.
16:35:32 &amp#27;[34mINFO &amp#27;[0;39m &amp#27;[36m[main]&amp#27;[0;39m Phase 2 â€“ Computing partial hashes (pre-filter) for 2 files...
16:35:32 &amp#27;[34mINFO &amp#27;[0;39m &amp#27;[36m[main]&amp#27;[0;39m Phase 2 â€“ Done in 0s â€“ 2 candidate files passed the pre-filter.
16:35:32 &amp#27;[34mINFO &amp#27;[0;39m &amp#27;[36m[main]&amp#27;[0;39m Phase 3 â€“ Computing full SHA-256 hashes for 2 candidates...
16:35:32 &amp#27;[34mINFO &amp#27;[0;39m &amp#27;[36m[main]&amp#27;[0;39m Phase 3 â€“ Done in 0s â€“ 1 exact duplicate groups, 1 duplicate files.
16:35:32 &amp#27;[34mINFO &amp#27;[0;39m &amp#27;[36m[main]&amp#27;[0;39m Phase 4 â€“ Generating Excel report â†’ C:\Users\anilb\AppData\Local\Temp\junit17313173331979861668\report.xlsx
16:35:32 &amp#27;[34mINFO &amp#27;[0;39m &amp#27;[36m[main]&amp#27;[0;39m Excel report written â†’ C:\Users\anilb\AppData\Local\Temp\junit17313173331979861668\report.xlsx  (1 groups)
16:35:32 &amp#27;[34mINFO &amp#27;[0;39m &amp#27;[36m[main]&amp#27;[0;39m Phase 4 â€“ Report done in 0s.
]]></system-out>
  </testcase>
</testsuite>